The system is: Linux - 4.15.0-52-generic - x86_64
Compiling the C compiler identification source file "CMakeCCompilerId.c" succeeded.
Compiler: /usr/bin/cc 
Build flags: 
Id flags:  

The output was:
0


Compilation of the C compiler identification source "CMakeCCompilerId.c" produced "a.out"

The C compiler identification is GNU, found in "/home/liuz/work/using-souper-as-lib/third_party/llvm/Release-build/CMakeFiles/3.10.2/CompilerIdC/a.out"

Compiling the CXX compiler identification source file "CMakeCXXCompilerId.cpp" succeeded.
Compiler: /usr/bin/c++ 
Build flags: 
Id flags:  

The output was:
0


Compilation of the CXX compiler identification source "CMakeCXXCompilerId.cpp" produced "a.out"

The CXX compiler identification is GNU, found in "/home/liuz/work/using-souper-as-lib/third_party/llvm/Release-build/CMakeFiles/3.10.2/CompilerIdCXX/a.out"

Determining if the C compiler works passed with the following output:
Change Dir: /home/liuz/work/using-souper-as-lib/third_party/llvm/Release-build/CMakeFiles/CMakeTmp

Run Build Command:"/usr/bin/ninja" "cmTC_a333e"
[1/2] Building C object CMakeFiles/cmTC_a333e.dir/testCCompiler.c.o
[2/2] Linking C executable cmTC_a333e


Detecting C compiler ABI info compiled with the following output:
Change Dir: /home/liuz/work/using-souper-as-lib/third_party/llvm/Release-build/CMakeFiles/CMakeTmp

Run Build Command:"/usr/bin/ninja" "cmTC_30f44"
[1/2] Building C object CMakeFiles/cmTC_30f44.dir/CMakeCCompilerABI.c.o
[2/2] Linking C executable cmTC_30f44
Using built-in specs.
COLLECT_GCC=/usr/bin/cc
COLLECT_LTO_WRAPPER=/usr/lib/gcc/x86_64-linux-gnu/7/lto-wrapper
OFFLOAD_TARGET_NAMES=nvptx-none
OFFLOAD_TARGET_DEFAULT=1
Target: x86_64-linux-gnu
Configured with: ../src/configure -v --with-pkgversion='Ubuntu 7.4.0-1ubuntu1~18.04.1' --with-bugurl=file:///usr/share/doc/gcc-7/README.Bugs --enable-languages=c,ada,c++,go,brig,d,fortran,objc,obj-c++ --prefix=/usr --with-gcc-major-version-only --program-suffix=-7 --program-prefix=x86_64-linux-gnu- --enable-shared --enable-linker-build-id --libexecdir=/usr/lib --without-included-gettext --enable-threads=posix --libdir=/usr/lib --enable-nls --with-sysroot=/ --enable-clocale=gnu --enable-libstdcxx-debug --enable-libstdcxx-time=yes --with-default-libstdcxx-abi=new --enable-gnu-unique-object --disable-vtable-verify --enable-libmpx --enable-plugin --enable-default-pie --with-system-zlib --with-target-system-zlib --enable-objc-gc=auto --enable-multiarch --disable-werror --with-arch-32=i686 --with-abi=m64 --with-multilib-list=m32,m64,mx32 --enable-multilib --with-tune=generic --enable-offload-targets=nvptx-none --without-cuda-driver --enable-checking=release --build=x86_64-linux-gnu --host=x86_64-linux-gnu --target=x86_64-linux-gnu
Thread model: posix
gcc version 7.4.0 (Ubuntu 7.4.0-1ubuntu1~18.04.1) 
COMPILER_PATH=/usr/lib/gcc/x86_64-linux-gnu/7/:/usr/lib/gcc/x86_64-linux-gnu/7/:/usr/lib/gcc/x86_64-linux-gnu/:/usr/lib/gcc/x86_64-linux-gnu/7/:/usr/lib/gcc/x86_64-linux-gnu/
LIBRARY_PATH=/usr/lib/gcc/x86_64-linux-gnu/7/:/usr/lib/gcc/x86_64-linux-gnu/7/../../../x86_64-linux-gnu/:/usr/lib/gcc/x86_64-linux-gnu/7/../../../../lib/:/lib/x86_64-linux-gnu/:/lib/../lib/:/usr/lib/x86_64-linux-gnu/:/usr/lib/../lib/:/usr/lib/gcc/x86_64-linux-gnu/7/../../../:/lib/:/usr/lib/
COLLECT_GCC_OPTIONS='-v' '-o' 'cmTC_30f44' '-mtune=generic' '-march=x86-64'
 /usr/lib/gcc/x86_64-linux-gnu/7/collect2 -plugin /usr/lib/gcc/x86_64-linux-gnu/7/liblto_plugin.so -plugin-opt=/usr/lib/gcc/x86_64-linux-gnu/7/lto-wrapper -plugin-opt=-fresolution=/tmp/ccRiUei1.res -plugin-opt=-pass-through=-lgcc -plugin-opt=-pass-through=-lgcc_s -plugin-opt=-pass-through=-lc -plugin-opt=-pass-through=-lgcc -plugin-opt=-pass-through=-lgcc_s --sysroot=/ --build-id --eh-frame-hdr -m elf_x86_64 --hash-style=gnu --as-needed -dynamic-linker /lib64/ld-linux-x86-64.so.2 -pie -z now -z relro -o cmTC_30f44 /usr/lib/gcc/x86_64-linux-gnu/7/../../../x86_64-linux-gnu/Scrt1.o /usr/lib/gcc/x86_64-linux-gnu/7/../../../x86_64-linux-gnu/crti.o /usr/lib/gcc/x86_64-linux-gnu/7/crtbeginS.o -L/usr/lib/gcc/x86_64-linux-gnu/7 -L/usr/lib/gcc/x86_64-linux-gnu/7/../../../x86_64-linux-gnu -L/usr/lib/gcc/x86_64-linux-gnu/7/../../../../lib -L/lib/x86_64-linux-gnu -L/lib/../lib -L/usr/lib/x86_64-linux-gnu -L/usr/lib/../lib -L/usr/lib/gcc/x86_64-linux-gnu/7/../../.. CMakeFiles/cmTC_30f44.dir/CMakeCCompilerABI.c.o -lgcc --push-state --as-needed -lgcc_s --pop-state -lc -lgcc --push-state --as-needed -lgcc_s --pop-state /usr/lib/gcc/x86_64-linux-gnu/7/crtendS.o /usr/lib/gcc/x86_64-linux-gnu/7/../../../x86_64-linux-gnu/crtn.o
COLLECT_GCC_OPTIONS='-v' '-o' 'cmTC_30f44' '-mtune=generic' '-march=x86-64'


Parsed C implicit link information from above output:
  link line regex: [^( *|.*[/\])(ld|CMAKE_LINK_STARTFILE-NOTFOUND|([^/\]+-)?ld|collect2)[^/\]*( |$)]
  ignore line: [Change Dir: /home/liuz/work/using-souper-as-lib/third_party/llvm/Release-build/CMakeFiles/CMakeTmp]
  ignore line: []
  ignore line: [Run Build Command:"/usr/bin/ninja" "cmTC_30f44"]
  ignore line: [[1/2] Building C object CMakeFiles/cmTC_30f44.dir/CMakeCCompilerABI.c.o]
  ignore line: [[2/2] Linking C executable cmTC_30f44]
  ignore line: [Using built-in specs.]
  ignore line: [COLLECT_GCC=/usr/bin/cc]
  ignore line: [COLLECT_LTO_WRAPPER=/usr/lib/gcc/x86_64-linux-gnu/7/lto-wrapper]
  ignore line: [OFFLOAD_TARGET_NAMES=nvptx-none]
  ignore line: [OFFLOAD_TARGET_DEFAULT=1]
  ignore line: [Target: x86_64-linux-gnu]
  ignore line: [Configured with: ../src/configure -v --with-pkgversion='Ubuntu 7.4.0-1ubuntu1~18.04.1' --with-bugurl=file:///usr/share/doc/gcc-7/README.Bugs --enable-languages=c,ada,c++,go,brig,d,fortran,objc,obj-c++ --prefix=/usr --with-gcc-major-version-only --program-suffix=-7 --program-prefix=x86_64-linux-gnu- --enable-shared --enable-linker-build-id --libexecdir=/usr/lib --without-included-gettext --enable-threads=posix --libdir=/usr/lib --enable-nls --with-sysroot=/ --enable-clocale=gnu --enable-libstdcxx-debug --enable-libstdcxx-time=yes --with-default-libstdcxx-abi=new --enable-gnu-unique-object --disable-vtable-verify --enable-libmpx --enable-plugin --enable-default-pie --with-system-zlib --with-target-system-zlib --enable-objc-gc=auto --enable-multiarch --disable-werror --with-arch-32=i686 --with-abi=m64 --with-multilib-list=m32,m64,mx32 --enable-multilib --with-tune=generic --enable-offload-targets=nvptx-none --without-cuda-driver --enable-checking=release --build=x86_64-linux-gnu --host=x86_64-linux-gnu --target=x86_64-linux-gnu]
  ignore line: [Thread model: posix]
  ignore line: [gcc version 7.4.0 (Ubuntu 7.4.0-1ubuntu1~18.04.1) ]
  ignore line: [COMPILER_PATH=/usr/lib/gcc/x86_64-linux-gnu/7/:/usr/lib/gcc/x86_64-linux-gnu/7/:/usr/lib/gcc/x86_64-linux-gnu/:/usr/lib/gcc/x86_64-linux-gnu/7/:/usr/lib/gcc/x86_64-linux-gnu/]
  ignore line: [LIBRARY_PATH=/usr/lib/gcc/x86_64-linux-gnu/7/:/usr/lib/gcc/x86_64-linux-gnu/7/../../../x86_64-linux-gnu/:/usr/lib/gcc/x86_64-linux-gnu/7/../../../../lib/:/lib/x86_64-linux-gnu/:/lib/../lib/:/usr/lib/x86_64-linux-gnu/:/usr/lib/../lib/:/usr/lib/gcc/x86_64-linux-gnu/7/../../../:/lib/:/usr/lib/]
  ignore line: [COLLECT_GCC_OPTIONS='-v' '-o' 'cmTC_30f44' '-mtune=generic' '-march=x86-64']
  link line: [ /usr/lib/gcc/x86_64-linux-gnu/7/collect2 -plugin /usr/lib/gcc/x86_64-linux-gnu/7/liblto_plugin.so -plugin-opt=/usr/lib/gcc/x86_64-linux-gnu/7/lto-wrapper -plugin-opt=-fresolution=/tmp/ccRiUei1.res -plugin-opt=-pass-through=-lgcc -plugin-opt=-pass-through=-lgcc_s -plugin-opt=-pass-through=-lc -plugin-opt=-pass-through=-lgcc -plugin-opt=-pass-through=-lgcc_s --sysroot=/ --build-id --eh-frame-hdr -m elf_x86_64 --hash-style=gnu --as-needed -dynamic-linker /lib64/ld-linux-x86-64.so.2 -pie -z now -z relro -o cmTC_30f44 /usr/lib/gcc/x86_64-linux-gnu/7/../../../x86_64-linux-gnu/Scrt1.o /usr/lib/gcc/x86_64-linux-gnu/7/../../../x86_64-linux-gnu/crti.o /usr/lib/gcc/x86_64-linux-gnu/7/crtbeginS.o -L/usr/lib/gcc/x86_64-linux-gnu/7 -L/usr/lib/gcc/x86_64-linux-gnu/7/../../../x86_64-linux-gnu -L/usr/lib/gcc/x86_64-linux-gnu/7/../../../../lib -L/lib/x86_64-linux-gnu -L/lib/../lib -L/usr/lib/x86_64-linux-gnu -L/usr/lib/../lib -L/usr/lib/gcc/x86_64-linux-gnu/7/../../.. CMakeFiles/cmTC_30f44.dir/CMakeCCompilerABI.c.o -lgcc --push-state --as-needed -lgcc_s --pop-state -lc -lgcc --push-state --as-needed -lgcc_s --pop-state /usr/lib/gcc/x86_64-linux-gnu/7/crtendS.o /usr/lib/gcc/x86_64-linux-gnu/7/../../../x86_64-linux-gnu/crtn.o]
    arg [/usr/lib/gcc/x86_64-linux-gnu/7/collect2] ==> ignore
    arg [-plugin] ==> ignore
    arg [/usr/lib/gcc/x86_64-linux-gnu/7/liblto_plugin.so] ==> ignore
    arg [-plugin-opt=/usr/lib/gcc/x86_64-linux-gnu/7/lto-wrapper] ==> ignore
    arg [-plugin-opt=-fresolution=/tmp/ccRiUei1.res] ==> ignore
    arg [-plugin-opt=-pass-through=-lgcc] ==> ignore
    arg [-plugin-opt=-pass-through=-lgcc_s] ==> ignore
    arg [-plugin-opt=-pass-through=-lc] ==> ignore
    arg [-plugin-opt=-pass-through=-lgcc] ==> ignore
    arg [-plugin-opt=-pass-through=-lgcc_s] ==> ignore
    arg [--sysroot=/] ==> ignore
    arg [--build-id] ==> ignore
    arg [--eh-frame-hdr] ==> ignore
    arg [-m] ==> ignore
    arg [elf_x86_64] ==> ignore
    arg [--hash-style=gnu] ==> ignore
    arg [--as-needed] ==> ignore
    arg [-dynamic-linker] ==> ignore
    arg [/lib64/ld-linux-x86-64.so.2] ==> ignore
    arg [-pie] ==> ignore
    arg [-znow] ==> ignore
    arg [-zrelro] ==> ignore
    arg [-o] ==> ignore
    arg [cmTC_30f44] ==> ignore
    arg [/usr/lib/gcc/x86_64-linux-gnu/7/../../../x86_64-linux-gnu/Scrt1.o] ==> ignore
    arg [/usr/lib/gcc/x86_64-linux-gnu/7/../../../x86_64-linux-gnu/crti.o] ==> ignore
    arg [/usr/lib/gcc/x86_64-linux-gnu/7/crtbeginS.o] ==> ignore
    arg [-L/usr/lib/gcc/x86_64-linux-gnu/7] ==> dir [/usr/lib/gcc/x86_64-linux-gnu/7]
    arg [-L/usr/lib/gcc/x86_64-linux-gnu/7/../../../x86_64-linux-gnu] ==> dir [/usr/lib/gcc/x86_64-linux-gnu/7/../../../x86_64-linux-gnu]
    arg [-L/usr/lib/gcc/x86_64-linux-gnu/7/../../../../lib] ==> dir [/usr/lib/gcc/x86_64-linux-gnu/7/../../../../lib]
    arg [-L/lib/x86_64-linux-gnu] ==> dir [/lib/x86_64-linux-gnu]
    arg [-L/lib/../lib] ==> dir [/lib/../lib]
    arg [-L/usr/lib/x86_64-linux-gnu] ==> dir [/usr/lib/x86_64-linux-gnu]
    arg [-L/usr/lib/../lib] ==> dir [/usr/lib/../lib]
    arg [-L/usr/lib/gcc/x86_64-linux-gnu/7/../../..] ==> dir [/usr/lib/gcc/x86_64-linux-gnu/7/../../..]
    arg [CMakeFiles/cmTC_30f44.dir/CMakeCCompilerABI.c.o] ==> ignore
    arg [-lgcc] ==> lib [gcc]
    arg [--push-state] ==> ignore
    arg [--as-needed] ==> ignore
    arg [-lgcc_s] ==> lib [gcc_s]
    arg [--pop-state] ==> ignore
    arg [-lc] ==> lib [c]
    arg [-lgcc] ==> lib [gcc]
    arg [--push-state] ==> ignore
    arg [--as-needed] ==> ignore
    arg [-lgcc_s] ==> lib [gcc_s]
    arg [--pop-state] ==> ignore
    arg [/usr/lib/gcc/x86_64-linux-gnu/7/crtendS.o] ==> ignore
    arg [/usr/lib/gcc/x86_64-linux-gnu/7/../../../x86_64-linux-gnu/crtn.o] ==> ignore
  collapse library dir [/usr/lib/gcc/x86_64-linux-gnu/7] ==> [/usr/lib/gcc/x86_64-linux-gnu/7]
  collapse library dir [/usr/lib/gcc/x86_64-linux-gnu/7/../../../x86_64-linux-gnu] ==> [/usr/lib/x86_64-linux-gnu]
  collapse library dir [/usr/lib/gcc/x86_64-linux-gnu/7/../../../../lib] ==> [/usr/lib]
  collapse library dir [/lib/x86_64-linux-gnu] ==> [/lib/x86_64-linux-gnu]
  collapse library dir [/lib/../lib] ==> [/lib]
  collapse library dir [/usr/lib/x86_64-linux-gnu] ==> [/usr/lib/x86_64-linux-gnu]
  collapse library dir [/usr/lib/../lib] ==> [/usr/lib]
  collapse library dir [/usr/lib/gcc/x86_64-linux-gnu/7/../../..] ==> [/usr/lib]
  implicit libs: [gcc;gcc_s;c;gcc;gcc_s]
  implicit dirs: [/usr/lib/gcc/x86_64-linux-gnu/7;/usr/lib/x86_64-linux-gnu;/usr/lib;/lib/x86_64-linux-gnu;/lib]
  implicit fwks: []




Detecting C [-std=c11] compiler features compiled with the following output:
Change Dir: /home/liuz/work/using-souper-as-lib/third_party/llvm/Release-build/CMakeFiles/CMakeTmp

Run Build Command:"/usr/bin/ninja" "cmTC_3a4d2"
[1/2] Building C object CMakeFiles/cmTC_3a4d2.dir/feature_tests.c.o
[2/2] Linking C executable cmTC_3a4d2


    Feature record: C_FEATURE:1c_function_prototypes
    Feature record: C_FEATURE:1c_restrict
    Feature record: C_FEATURE:1c_static_assert
    Feature record: C_FEATURE:1c_variadic_macros


Detecting C [-std=c99] compiler features compiled with the following output:
Change Dir: /home/liuz/work/using-souper-as-lib/third_party/llvm/Release-build/CMakeFiles/CMakeTmp

Run Build Command:"/usr/bin/ninja" "cmTC_79f1f"
[1/2] Building C object CMakeFiles/cmTC_79f1f.dir/feature_tests.c.o
[2/2] Linking C executable cmTC_79f1f


    Feature record: C_FEATURE:1c_function_prototypes
    Feature record: C_FEATURE:1c_restrict
    Feature record: C_FEATURE:0c_static_assert
    Feature record: C_FEATURE:1c_variadic_macros


Detecting C [-std=c90] compiler features compiled with the following output:
Change Dir: /home/liuz/work/using-souper-as-lib/third_party/llvm/Release-build/CMakeFiles/CMakeTmp

Run Build Command:"/usr/bin/ninja" "cmTC_53032"
[1/2] Building C object CMakeFiles/cmTC_53032.dir/feature_tests.c.o
[2/2] Linking C executable cmTC_53032


    Feature record: C_FEATURE:1c_function_prototypes
    Feature record: C_FEATURE:0c_restrict
    Feature record: C_FEATURE:0c_static_assert
    Feature record: C_FEATURE:0c_variadic_macros
Determining if the CXX compiler works passed with the following output:
Change Dir: /home/liuz/work/using-souper-as-lib/third_party/llvm/Release-build/CMakeFiles/CMakeTmp

Run Build Command:"/usr/bin/ninja" "cmTC_b7f7a"
[1/2] Building CXX object CMakeFiles/cmTC_b7f7a.dir/testCXXCompiler.cxx.o
[2/2] Linking CXX executable cmTC_b7f7a


Detecting CXX compiler ABI info compiled with the following output:
Change Dir: /home/liuz/work/using-souper-as-lib/third_party/llvm/Release-build/CMakeFiles/CMakeTmp

Run Build Command:"/usr/bin/ninja" "cmTC_083b4"
[1/2] Building CXX object CMakeFiles/cmTC_083b4.dir/CMakeCXXCompilerABI.cpp.o
[2/2] Linking CXX executable cmTC_083b4
Using built-in specs.
COLLECT_GCC=/usr/bin/c++
COLLECT_LTO_WRAPPER=/usr/lib/gcc/x86_64-linux-gnu/7/lto-wrapper
OFFLOAD_TARGET_NAMES=nvptx-none
OFFLOAD_TARGET_DEFAULT=1
Target: x86_64-linux-gnu
Configured with: ../src/configure -v --with-pkgversion='Ubuntu 7.4.0-1ubuntu1~18.04.1' --with-bugurl=file:///usr/share/doc/gcc-7/README.Bugs --enable-languages=c,ada,c++,go,brig,d,fortran,objc,obj-c++ --prefix=/usr --with-gcc-major-version-only --program-suffix=-7 --program-prefix=x86_64-linux-gnu- --enable-shared --enable-linker-build-id --libexecdir=/usr/lib --without-included-gettext --enable-threads=posix --libdir=/usr/lib --enable-nls --with-sysroot=/ --enable-clocale=gnu --enable-libstdcxx-debug --enable-libstdcxx-time=yes --with-default-libstdcxx-abi=new --enable-gnu-unique-object --disable-vtable-verify --enable-libmpx --enable-plugin --enable-default-pie --with-system-zlib --with-target-system-zlib --enable-objc-gc=auto --enable-multiarch --disable-werror --with-arch-32=i686 --with-abi=m64 --with-multilib-list=m32,m64,mx32 --enable-multilib --with-tune=generic --enable-offload-targets=nvptx-none --without-cuda-driver --enable-checking=release --build=x86_64-linux-gnu --host=x86_64-linux-gnu --target=x86_64-linux-gnu
Thread model: posix
gcc version 7.4.0 (Ubuntu 7.4.0-1ubuntu1~18.04.1) 
COMPILER_PATH=/usr/lib/gcc/x86_64-linux-gnu/7/:/usr/lib/gcc/x86_64-linux-gnu/7/:/usr/lib/gcc/x86_64-linux-gnu/:/usr/lib/gcc/x86_64-linux-gnu/7/:/usr/lib/gcc/x86_64-linux-gnu/
LIBRARY_PATH=/usr/lib/gcc/x86_64-linux-gnu/7/:/usr/lib/gcc/x86_64-linux-gnu/7/../../../x86_64-linux-gnu/:/usr/lib/gcc/x86_64-linux-gnu/7/../../../../lib/:/lib/x86_64-linux-gnu/:/lib/../lib/:/usr/lib/x86_64-linux-gnu/:/usr/lib/../lib/:/usr/lib/gcc/x86_64-linux-gnu/7/../../../:/lib/:/usr/lib/
COLLECT_GCC_OPTIONS='-v' '-o' 'cmTC_083b4' '-shared-libgcc' '-mtune=generic' '-march=x86-64'
 /usr/lib/gcc/x86_64-linux-gnu/7/collect2 -plugin /usr/lib/gcc/x86_64-linux-gnu/7/liblto_plugin.so -plugin-opt=/usr/lib/gcc/x86_64-linux-gnu/7/lto-wrapper -plugin-opt=-fresolution=/tmp/ccNF9Qnm.res -plugin-opt=-pass-through=-lgcc_s -plugin-opt=-pass-through=-lgcc -plugin-opt=-pass-through=-lc -plugin-opt=-pass-through=-lgcc_s -plugin-opt=-pass-through=-lgcc --sysroot=/ --build-id --eh-frame-hdr -m elf_x86_64 --hash-style=gnu --as-needed -dynamic-linker /lib64/ld-linux-x86-64.so.2 -pie -z now -z relro -o cmTC_083b4 /usr/lib/gcc/x86_64-linux-gnu/7/../../../x86_64-linux-gnu/Scrt1.o /usr/lib/gcc/x86_64-linux-gnu/7/../../../x86_64-linux-gnu/crti.o /usr/lib/gcc/x86_64-linux-gnu/7/crtbeginS.o -L/usr/lib/gcc/x86_64-linux-gnu/7 -L/usr/lib/gcc/x86_64-linux-gnu/7/../../../x86_64-linux-gnu -L/usr/lib/gcc/x86_64-linux-gnu/7/../../../../lib -L/lib/x86_64-linux-gnu -L/lib/../lib -L/usr/lib/x86_64-linux-gnu -L/usr/lib/../lib -L/usr/lib/gcc/x86_64-linux-gnu/7/../../.. CMakeFiles/cmTC_083b4.dir/CMakeCXXCompilerABI.cpp.o -lstdc++ -lm -lgcc_s -lgcc -lc -lgcc_s -lgcc /usr/lib/gcc/x86_64-linux-gnu/7/crtendS.o /usr/lib/gcc/x86_64-linux-gnu/7/../../../x86_64-linux-gnu/crtn.o
COLLECT_GCC_OPTIONS='-v' '-o' 'cmTC_083b4' '-shared-libgcc' '-mtune=generic' '-march=x86-64'


Parsed CXX implicit link information from above output:
  link line regex: [^( *|.*[/\])(ld|CMAKE_LINK_STARTFILE-NOTFOUND|([^/\]+-)?ld|collect2)[^/\]*( |$)]
  ignore line: [Change Dir: /home/liuz/work/using-souper-as-lib/third_party/llvm/Release-build/CMakeFiles/CMakeTmp]
  ignore line: []
  ignore line: [Run Build Command:"/usr/bin/ninja" "cmTC_083b4"]
  ignore line: [[1/2] Building CXX object CMakeFiles/cmTC_083b4.dir/CMakeCXXCompilerABI.cpp.o]
  ignore line: [[2/2] Linking CXX executable cmTC_083b4]
  ignore line: [Using built-in specs.]
  ignore line: [COLLECT_GCC=/usr/bin/c++]
  ignore line: [COLLECT_LTO_WRAPPER=/usr/lib/gcc/x86_64-linux-gnu/7/lto-wrapper]
  ignore line: [OFFLOAD_TARGET_NAMES=nvptx-none]
  ignore line: [OFFLOAD_TARGET_DEFAULT=1]
  ignore line: [Target: x86_64-linux-gnu]
  ignore line: [Configured with: ../src/configure -v --with-pkgversion='Ubuntu 7.4.0-1ubuntu1~18.04.1' --with-bugurl=file:///usr/share/doc/gcc-7/README.Bugs --enable-languages=c,ada,c++,go,brig,d,fortran,objc,obj-c++ --prefix=/usr --with-gcc-major-version-only --program-suffix=-7 --program-prefix=x86_64-linux-gnu- --enable-shared --enable-linker-build-id --libexecdir=/usr/lib --without-included-gettext --enable-threads=posix --libdir=/usr/lib --enable-nls --with-sysroot=/ --enable-clocale=gnu --enable-libstdcxx-debug --enable-libstdcxx-time=yes --with-default-libstdcxx-abi=new --enable-gnu-unique-object --disable-vtable-verify --enable-libmpx --enable-plugin --enable-default-pie --with-system-zlib --with-target-system-zlib --enable-objc-gc=auto --enable-multiarch --disable-werror --with-arch-32=i686 --with-abi=m64 --with-multilib-list=m32,m64,mx32 --enable-multilib --with-tune=generic --enable-offload-targets=nvptx-none --without-cuda-driver --enable-checking=release --build=x86_64-linux-gnu --host=x86_64-linux-gnu --target=x86_64-linux-gnu]
  ignore line: [Thread model: posix]
  ignore line: [gcc version 7.4.0 (Ubuntu 7.4.0-1ubuntu1~18.04.1) ]
  ignore line: [COMPILER_PATH=/usr/lib/gcc/x86_64-linux-gnu/7/:/usr/lib/gcc/x86_64-linux-gnu/7/:/usr/lib/gcc/x86_64-linux-gnu/:/usr/lib/gcc/x86_64-linux-gnu/7/:/usr/lib/gcc/x86_64-linux-gnu/]
  ignore line: [LIBRARY_PATH=/usr/lib/gcc/x86_64-linux-gnu/7/:/usr/lib/gcc/x86_64-linux-gnu/7/../../../x86_64-linux-gnu/:/usr/lib/gcc/x86_64-linux-gnu/7/../../../../lib/:/lib/x86_64-linux-gnu/:/lib/../lib/:/usr/lib/x86_64-linux-gnu/:/usr/lib/../lib/:/usr/lib/gcc/x86_64-linux-gnu/7/../../../:/lib/:/usr/lib/]
  ignore line: [COLLECT_GCC_OPTIONS='-v' '-o' 'cmTC_083b4' '-shared-libgcc' '-mtune=generic' '-march=x86-64']
  link line: [ /usr/lib/gcc/x86_64-linux-gnu/7/collect2 -plugin /usr/lib/gcc/x86_64-linux-gnu/7/liblto_plugin.so -plugin-opt=/usr/lib/gcc/x86_64-linux-gnu/7/lto-wrapper -plugin-opt=-fresolution=/tmp/ccNF9Qnm.res -plugin-opt=-pass-through=-lgcc_s -plugin-opt=-pass-through=-lgcc -plugin-opt=-pass-through=-lc -plugin-opt=-pass-through=-lgcc_s -plugin-opt=-pass-through=-lgcc --sysroot=/ --build-id --eh-frame-hdr -m elf_x86_64 --hash-style=gnu --as-needed -dynamic-linker /lib64/ld-linux-x86-64.so.2 -pie -z now -z relro -o cmTC_083b4 /usr/lib/gcc/x86_64-linux-gnu/7/../../../x86_64-linux-gnu/Scrt1.o /usr/lib/gcc/x86_64-linux-gnu/7/../../../x86_64-linux-gnu/crti.o /usr/lib/gcc/x86_64-linux-gnu/7/crtbeginS.o -L/usr/lib/gcc/x86_64-linux-gnu/7 -L/usr/lib/gcc/x86_64-linux-gnu/7/../../../x86_64-linux-gnu -L/usr/lib/gcc/x86_64-linux-gnu/7/../../../../lib -L/lib/x86_64-linux-gnu -L/lib/../lib -L/usr/lib/x86_64-linux-gnu -L/usr/lib/../lib -L/usr/lib/gcc/x86_64-linux-gnu/7/../../.. CMakeFiles/cmTC_083b4.dir/CMakeCXXCompilerABI.cpp.o -lstdc++ -lm -lgcc_s -lgcc -lc -lgcc_s -lgcc /usr/lib/gcc/x86_64-linux-gnu/7/crtendS.o /usr/lib/gcc/x86_64-linux-gnu/7/../../../x86_64-linux-gnu/crtn.o]
    arg [/usr/lib/gcc/x86_64-linux-gnu/7/collect2] ==> ignore
    arg [-plugin] ==> ignore
    arg [/usr/lib/gcc/x86_64-linux-gnu/7/liblto_plugin.so] ==> ignore
    arg [-plugin-opt=/usr/lib/gcc/x86_64-linux-gnu/7/lto-wrapper] ==> ignore
    arg [-plugin-opt=-fresolution=/tmp/ccNF9Qnm.res] ==> ignore
    arg [-plugin-opt=-pass-through=-lgcc_s] ==> ignore
    arg [-plugin-opt=-pass-through=-lgcc] ==> ignore
    arg [-plugin-opt=-pass-through=-lc] ==> ignore
    arg [-plugin-opt=-pass-through=-lgcc_s] ==> ignore
    arg [-plugin-opt=-pass-through=-lgcc] ==> ignore
    arg [--sysroot=/] ==> ignore
    arg [--build-id] ==> ignore
    arg [--eh-frame-hdr] ==> ignore
    arg [-m] ==> ignore
    arg [elf_x86_64] ==> ignore
    arg [--hash-style=gnu] ==> ignore
    arg [--as-needed] ==> ignore
    arg [-dynamic-linker] ==> ignore
    arg [/lib64/ld-linux-x86-64.so.2] ==> ignore
    arg [-pie] ==> ignore
    arg [-znow] ==> ignore
    arg [-zrelro] ==> ignore
    arg [-o] ==> ignore
    arg [cmTC_083b4] ==> ignore
    arg [/usr/lib/gcc/x86_64-linux-gnu/7/../../../x86_64-linux-gnu/Scrt1.o] ==> ignore
    arg [/usr/lib/gcc/x86_64-linux-gnu/7/../../../x86_64-linux-gnu/crti.o] ==> ignore
    arg [/usr/lib/gcc/x86_64-linux-gnu/7/crtbeginS.o] ==> ignore
    arg [-L/usr/lib/gcc/x86_64-linux-gnu/7] ==> dir [/usr/lib/gcc/x86_64-linux-gnu/7]
    arg [-L/usr/lib/gcc/x86_64-linux-gnu/7/../../../x86_64-linux-gnu] ==> dir [/usr/lib/gcc/x86_64-linux-gnu/7/../../../x86_64-linux-gnu]
    arg [-L/usr/lib/gcc/x86_64-linux-gnu/7/../../../../lib] ==> dir [/usr/lib/gcc/x86_64-linux-gnu/7/../../../../lib]
    arg [-L/lib/x86_64-linux-gnu] ==> dir [/lib/x86_64-linux-gnu]
    arg [-L/lib/../lib] ==> dir [/lib/../lib]
    arg [-L/usr/lib/x86_64-linux-gnu] ==> dir [/usr/lib/x86_64-linux-gnu]
    arg [-L/usr/lib/../lib] ==> dir [/usr/lib/../lib]
    arg [-L/usr/lib/gcc/x86_64-linux-gnu/7/../../..] ==> dir [/usr/lib/gcc/x86_64-linux-gnu/7/../../..]
    arg [CMakeFiles/cmTC_083b4.dir/CMakeCXXCompilerABI.cpp.o] ==> ignore
    arg [-lstdc++] ==> lib [stdc++]
    arg [-lm] ==> lib [m]
    arg [-lgcc_s] ==> lib [gcc_s]
    arg [-lgcc] ==> lib [gcc]
    arg [-lc] ==> lib [c]
    arg [-lgcc_s] ==> lib [gcc_s]
    arg [-lgcc] ==> lib [gcc]
    arg [/usr/lib/gcc/x86_64-linux-gnu/7/crtendS.o] ==> ignore
    arg [/usr/lib/gcc/x86_64-linux-gnu/7/../../../x86_64-linux-gnu/crtn.o] ==> ignore
  collapse library dir [/usr/lib/gcc/x86_64-linux-gnu/7] ==> [/usr/lib/gcc/x86_64-linux-gnu/7]
  collapse library dir [/usr/lib/gcc/x86_64-linux-gnu/7/../../../x86_64-linux-gnu] ==> [/usr/lib/x86_64-linux-gnu]
  collapse library dir [/usr/lib/gcc/x86_64-linux-gnu/7/../../../../lib] ==> [/usr/lib]
  collapse library dir [/lib/x86_64-linux-gnu] ==> [/lib/x86_64-linux-gnu]
  collapse library dir [/lib/../lib] ==> [/lib]
  collapse library dir [/usr/lib/x86_64-linux-gnu] ==> [/usr/lib/x86_64-linux-gnu]
  collapse library dir [/usr/lib/../lib] ==> [/usr/lib]
  collapse library dir [/usr/lib/gcc/x86_64-linux-gnu/7/../../..] ==> [/usr/lib]
  implicit libs: [stdc++;m;gcc_s;gcc;c;gcc_s;gcc]
  implicit dirs: [/usr/lib/gcc/x86_64-linux-gnu/7;/usr/lib/x86_64-linux-gnu;/usr/lib;/lib/x86_64-linux-gnu;/lib]
  implicit fwks: []




Detecting CXX [-std=c++1z] compiler features compiled with the following output:
Change Dir: /home/liuz/work/using-souper-as-lib/third_party/llvm/Release-build/CMakeFiles/CMakeTmp

Run Build Command:"/usr/bin/ninja" "cmTC_bd426"
[1/2] Building CXX object CMakeFiles/cmTC_bd426.dir/feature_tests.cxx.o
[2/2] Linking CXX executable cmTC_bd426


    Feature record: CXX_FEATURE:1cxx_aggregate_default_initializers
    Feature record: CXX_FEATURE:1cxx_alias_templates
    Feature record: CXX_FEATURE:1cxx_alignas
    Feature record: CXX_FEATURE:1cxx_alignof
    Feature record: CXX_FEATURE:1cxx_attributes
    Feature record: CXX_FEATURE:1cxx_attribute_deprecated
    Feature record: CXX_FEATURE:1cxx_auto_type
    Feature record: CXX_FEATURE:1cxx_binary_literals
    Feature record: CXX_FEATURE:1cxx_constexpr
    Feature record: CXX_FEATURE:1cxx_contextual_conversions
    Feature record: CXX_FEATURE:1cxx_decltype
    Feature record: CXX_FEATURE:1cxx_decltype_auto
    Feature record: CXX_FEATURE:1cxx_decltype_incomplete_return_types
    Feature record: CXX_FEATURE:1cxx_default_function_template_args
    Feature record: CXX_FEATURE:1cxx_defaulted_functions
    Feature record: CXX_FEATURE:1cxx_defaulted_move_initializers
    Feature record: CXX_FEATURE:1cxx_delegating_constructors
    Feature record: CXX_FEATURE:1cxx_deleted_functions
    Feature record: CXX_FEATURE:1cxx_digit_separators
    Feature record: CXX_FEATURE:1cxx_enum_forward_declarations
    Feature record: CXX_FEATURE:1cxx_explicit_conversions
    Feature record: CXX_FEATURE:1cxx_extended_friend_declarations
    Feature record: CXX_FEATURE:1cxx_extern_templates
    Feature record: CXX_FEATURE:1cxx_final
    Feature record: CXX_FEATURE:1cxx_func_identifier
    Feature record: CXX_FEATURE:1cxx_generalized_initializers
    Feature record: CXX_FEATURE:1cxx_generic_lambdas
    Feature record: CXX_FEATURE:1cxx_inheriting_constructors
    Feature record: CXX_FEATURE:1cxx_inline_namespaces
    Feature record: CXX_FEATURE:1cxx_lambdas
    Feature record: CXX_FEATURE:1cxx_lambda_init_captures
    Feature record: CXX_FEATURE:1cxx_local_type_template_args
    Feature record: CXX_FEATURE:1cxx_long_long_type
    Feature record: CXX_FEATURE:1cxx_noexcept
    Feature record: CXX_FEATURE:1cxx_nonstatic_member_init
    Feature record: CXX_FEATURE:1cxx_nullptr
    Feature record: CXX_FEATURE:1cxx_override
    Feature record: CXX_FEATURE:1cxx_range_for
    Feature record: CXX_FEATURE:1cxx_raw_string_literals
    Feature record: CXX_FEATURE:1cxx_reference_qualified_functions
    Feature record: CXX_FEATURE:1cxx_relaxed_constexpr
    Feature record: CXX_FEATURE:1cxx_return_type_deduction
    Feature record: CXX_FEATURE:1cxx_right_angle_brackets
    Feature record: CXX_FEATURE:1cxx_rvalue_references
    Feature record: CXX_FEATURE:1cxx_sizeof_member
    Feature record: CXX_FEATURE:1cxx_static_assert
    Feature record: CXX_FEATURE:1cxx_strong_enums
    Feature record: CXX_FEATURE:1cxx_template_template_parameters
    Feature record: CXX_FEATURE:1cxx_thread_local
    Feature record: CXX_FEATURE:1cxx_trailing_return_types
    Feature record: CXX_FEATURE:1cxx_unicode_literals
    Feature record: CXX_FEATURE:1cxx_uniform_initialization
    Feature record: CXX_FEATURE:1cxx_unrestricted_unions
    Feature record: CXX_FEATURE:1cxx_user_literals
    Feature record: CXX_FEATURE:1cxx_variable_templates
    Feature record: CXX_FEATURE:1cxx_variadic_macros
    Feature record: CXX_FEATURE:1cxx_variadic_templates


Detecting CXX [-std=c++14] compiler features compiled with the following output:
Change Dir: /home/liuz/work/using-souper-as-lib/third_party/llvm/Release-build/CMakeFiles/CMakeTmp

Run Build Command:"/usr/bin/ninja" "cmTC_71b94"
[1/2] Building CXX object CMakeFiles/cmTC_71b94.dir/feature_tests.cxx.o
[2/2] Linking CXX executable cmTC_71b94


    Feature record: CXX_FEATURE:1cxx_aggregate_default_initializers
    Feature record: CXX_FEATURE:1cxx_alias_templates
    Feature record: CXX_FEATURE:1cxx_alignas
    Feature record: CXX_FEATURE:1cxx_alignof
    Feature record: CXX_FEATURE:1cxx_attributes
    Feature record: CXX_FEATURE:1cxx_attribute_deprecated
    Feature record: CXX_FEATURE:1cxx_auto_type
    Feature record: CXX_FEATURE:1cxx_binary_literals
    Feature record: CXX_FEATURE:1cxx_constexpr
    Feature record: CXX_FEATURE:1cxx_contextual_conversions
    Feature record: CXX_FEATURE:1cxx_decltype
    Feature record: CXX_FEATURE:1cxx_decltype_auto
    Feature record: CXX_FEATURE:1cxx_decltype_incomplete_return_types
    Feature record: CXX_FEATURE:1cxx_default_function_template_args
    Feature record: CXX_FEATURE:1cxx_defaulted_functions
    Feature record: CXX_FEATURE:1cxx_defaulted_move_initializers
    Feature record: CXX_FEATURE:1cxx_delegating_constructors
    Feature record: CXX_FEATURE:1cxx_deleted_functions
    Feature record: CXX_FEATURE:1cxx_digit_separators
    Feature record: CXX_FEATURE:1cxx_enum_forward_declarations
    Feature record: CXX_FEATURE:1cxx_explicit_conversions
    Feature record: CXX_FEATURE:1cxx_extended_friend_declarations
    Feature record: CXX_FEATURE:1cxx_extern_templates
    Feature record: CXX_FEATURE:1cxx_final
    Feature record: CXX_FEATURE:1cxx_func_identifier
    Feature record: CXX_FEATURE:1cxx_generalized_initializers
    Feature record: CXX_FEATURE:1cxx_generic_lambdas
    Feature record: CXX_FEATURE:1cxx_inheriting_constructors
    Feature record: CXX_FEATURE:1cxx_inline_namespaces
    Feature record: CXX_FEATURE:1cxx_lambdas
    Feature record: CXX_FEATURE:1cxx_lambda_init_captures
    Feature record: CXX_FEATURE:1cxx_local_type_template_args
    Feature record: CXX_FEATURE:1cxx_long_long_type
    Feature record: CXX_FEATURE:1cxx_noexcept
    Feature record: CXX_FEATURE:1cxx_nonstatic_member_init
    Feature record: CXX_FEATURE:1cxx_nullptr
    Feature record: CXX_FEATURE:1cxx_override
    Feature record: CXX_FEATURE:1cxx_range_for
    Feature record: CXX_FEATURE:1cxx_raw_string_literals
    Feature record: CXX_FEATURE:1cxx_reference_qualified_functions
    Feature record: CXX_FEATURE:1cxx_relaxed_constexpr
    Feature record: CXX_FEATURE:1cxx_return_type_deduction
    Feature record: CXX_FEATURE:1cxx_right_angle_brackets
    Feature record: CXX_FEATURE:1cxx_rvalue_references
    Feature record: CXX_FEATURE:1cxx_sizeof_member
    Feature record: CXX_FEATURE:1cxx_static_assert
    Feature record: CXX_FEATURE:1cxx_strong_enums
    Feature record: CXX_FEATURE:1cxx_template_template_parameters
    Feature record: CXX_FEATURE:1cxx_thread_local
    Feature record: CXX_FEATURE:1cxx_trailing_return_types
    Feature record: CXX_FEATURE:1cxx_unicode_literals
    Feature record: CXX_FEATURE:1cxx_uniform_initialization
    Feature record: CXX_FEATURE:1cxx_unrestricted_unions
    Feature record: CXX_FEATURE:1cxx_user_literals
    Feature record: CXX_FEATURE:1cxx_variable_templates
    Feature record: CXX_FEATURE:1cxx_variadic_macros
    Feature record: CXX_FEATURE:1cxx_variadic_templates


Detecting CXX [-std=c++11] compiler features compiled with the following output:
Change Dir: /home/liuz/work/using-souper-as-lib/third_party/llvm/Release-build/CMakeFiles/CMakeTmp

Run Build Command:"/usr/bin/ninja" "cmTC_ceb0b"
[1/2] Building CXX object CMakeFiles/cmTC_ceb0b.dir/feature_tests.cxx.o
[2/2] Linking CXX executable cmTC_ceb0b


    Feature record: CXX_FEATURE:0cxx_aggregate_default_initializers
    Feature record: CXX_FEATURE:1cxx_alias_templates
    Feature record: CXX_FEATURE:1cxx_alignas
    Feature record: CXX_FEATURE:1cxx_alignof
    Feature record: CXX_FEATURE:1cxx_attributes
    Feature record: CXX_FEATURE:0cxx_attribute_deprecated
    Feature record: CXX_FEATURE:1cxx_auto_type
    Feature record: CXX_FEATURE:0cxx_binary_literals
    Feature record: CXX_FEATURE:1cxx_constexpr
    Feature record: CXX_FEATURE:0cxx_contextual_conversions
    Feature record: CXX_FEATURE:1cxx_decltype
    Feature record: CXX_FEATURE:0cxx_decltype_auto
    Feature record: CXX_FEATURE:1cxx_decltype_incomplete_return_types
    Feature record: CXX_FEATURE:1cxx_default_function_template_args
    Feature record: CXX_FEATURE:1cxx_defaulted_functions
    Feature record: CXX_FEATURE:1cxx_defaulted_move_initializers
    Feature record: CXX_FEATURE:1cxx_delegating_constructors
    Feature record: CXX_FEATURE:1cxx_deleted_functions
    Feature record: CXX_FEATURE:0cxx_digit_separators
    Feature record: CXX_FEATURE:1cxx_enum_forward_declarations
    Feature record: CXX_FEATURE:1cxx_explicit_conversions
    Feature record: CXX_FEATURE:1cxx_extended_friend_declarations
    Feature record: CXX_FEATURE:1cxx_extern_templates
    Feature record: CXX_FEATURE:1cxx_final
    Feature record: CXX_FEATURE:1cxx_func_identifier
    Feature record: CXX_FEATURE:1cxx_generalized_initializers
    Feature record: CXX_FEATURE:0cxx_generic_lambdas
    Feature record: CXX_FEATURE:1cxx_inheriting_constructors
    Feature record: CXX_FEATURE:1cxx_inline_namespaces
    Feature record: CXX_FEATURE:1cxx_lambdas
    Feature record: CXX_FEATURE:0cxx_lambda_init_captures
    Feature record: CXX_FEATURE:1cxx_local_type_template_args
    Feature record: CXX_FEATURE:1cxx_long_long_type
    Feature record: CXX_FEATURE:1cxx_noexcept
    Feature record: CXX_FEATURE:1cxx_nonstatic_member_init
    Feature record: CXX_FEATURE:1cxx_nullptr
    Feature record: CXX_FEATURE:1cxx_override
    Feature record: CXX_FEATURE:1cxx_range_for
    Feature record: CXX_FEATURE:1cxx_raw_string_literals
    Feature record: CXX_FEATURE:1cxx_reference_qualified_functions
    Feature record: CXX_FEATURE:0cxx_relaxed_constexpr
    Feature record: CXX_FEATURE:0cxx_return_type_deduction
    Feature record: CXX_FEATURE:1cxx_right_angle_brackets
    Feature record: CXX_FEATURE:1cxx_rvalue_references
    Feature record: CXX_FEATURE:1cxx_sizeof_member
    Feature record: CXX_FEATURE:1cxx_static_assert
    Feature record: CXX_FEATURE:1cxx_strong_enums
    Feature record: CXX_FEATURE:1cxx_template_template_parameters
    Feature record: CXX_FEATURE:1cxx_thread_local
    Feature record: CXX_FEATURE:1cxx_trailing_return_types
    Feature record: CXX_FEATURE:1cxx_unicode_literals
    Feature record: CXX_FEATURE:1cxx_uniform_initialization
    Feature record: CXX_FEATURE:1cxx_unrestricted_unions
    Feature record: CXX_FEATURE:1cxx_user_literals
    Feature record: CXX_FEATURE:0cxx_variable_templates
    Feature record: CXX_FEATURE:1cxx_variadic_macros
    Feature record: CXX_FEATURE:1cxx_variadic_templates


Detecting CXX [-std=c++98] compiler features compiled with the following output:
Change Dir: /home/liuz/work/using-souper-as-lib/third_party/llvm/Release-build/CMakeFiles/CMakeTmp

Run Build Command:"/usr/bin/ninja" "cmTC_23686"
[1/2] Building CXX object CMakeFiles/cmTC_23686.dir/feature_tests.cxx.o
[2/2] Linking CXX executable cmTC_23686


    Feature record: CXX_FEATURE:0cxx_aggregate_default_initializers
    Feature record: CXX_FEATURE:0cxx_alias_templates
    Feature record: CXX_FEATURE:0cxx_alignas
    Feature record: CXX_FEATURE:0cxx_alignof
    Feature record: CXX_FEATURE:0cxx_attributes
    Feature record: CXX_FEATURE:0cxx_attribute_deprecated
    Feature record: CXX_FEATURE:0cxx_auto_type
    Feature record: CXX_FEATURE:0cxx_binary_literals
    Feature record: CXX_FEATURE:0cxx_constexpr
    Feature record: CXX_FEATURE:0cxx_contextual_conversions
    Feature record: CXX_FEATURE:0cxx_decltype
    Feature record: CXX_FEATURE:0cxx_decltype_auto
    Feature record: CXX_FEATURE:0cxx_decltype_incomplete_return_types
    Feature record: CXX_FEATURE:0cxx_default_function_template_args
    Feature record: CXX_FEATURE:0cxx_defaulted_functions
    Feature record: CXX_FEATURE:0cxx_defaulted_move_initializers
    Feature record: CXX_FEATURE:0cxx_delegating_constructors
    Feature record: CXX_FEATURE:0cxx_deleted_functions
    Feature record: CXX_FEATURE:0cxx_digit_separators
    Feature record: CXX_FEATURE:0cxx_enum_forward_declarations
    Feature record: CXX_FEATURE:0cxx_explicit_conversions
    Feature record: CXX_FEATURE:0cxx_extended_friend_declarations
    Feature record: CXX_FEATURE:0cxx_extern_templates
    Feature record: CXX_FEATURE:0cxx_final
    Feature record: CXX_FEATURE:0cxx_func_identifier
    Feature record: CXX_FEATURE:0cxx_generalized_initializers
    Feature record: CXX_FEATURE:0cxx_generic_lambdas
    Feature record: CXX_FEATURE:0cxx_inheriting_constructors
    Feature record: CXX_FEATURE:0cxx_inline_namespaces
    Feature record: CXX_FEATURE:0cxx_lambdas
    Feature record: CXX_FEATURE:0cxx_lambda_init_captures
    Feature record: CXX_FEATURE:0cxx_local_type_template_args
    Feature record: CXX_FEATURE:0cxx_long_long_type
    Feature record: CXX_FEATURE:0cxx_noexcept
    Feature record: CXX_FEATURE:0cxx_nonstatic_member_init
    Feature record: CXX_FEATURE:0cxx_nullptr
    Feature record: CXX_FEATURE:0cxx_override
    Feature record: CXX_FEATURE:0cxx_range_for
    Feature record: CXX_FEATURE:0cxx_raw_string_literals
    Feature record: CXX_FEATURE:0cxx_reference_qualified_functions
    Feature record: CXX_FEATURE:0cxx_relaxed_constexpr
    Feature record: CXX_FEATURE:0cxx_return_type_deduction
    Feature record: CXX_FEATURE:0cxx_right_angle_brackets
    Feature record: CXX_FEATURE:0cxx_rvalue_references
    Feature record: CXX_FEATURE:0cxx_sizeof_member
    Feature record: CXX_FEATURE:0cxx_static_assert
    Feature record: CXX_FEATURE:0cxx_strong_enums
    Feature record: CXX_FEATURE:1cxx_template_template_parameters
    Feature record: CXX_FEATURE:0cxx_thread_local
    Feature record: CXX_FEATURE:0cxx_trailing_return_types
    Feature record: CXX_FEATURE:0cxx_unicode_literals
    Feature record: CXX_FEATURE:0cxx_uniform_initialization
    Feature record: CXX_FEATURE:0cxx_unrestricted_unions
    Feature record: CXX_FEATURE:0cxx_user_literals
    Feature record: CXX_FEATURE:0cxx_variable_templates
    Feature record: CXX_FEATURE:0cxx_variadic_macros
    Feature record: CXX_FEATURE:0cxx_variadic_templates
Determining if the include file dlfcn.h exists passed with the following output:
Change Dir: /home/liuz/work/using-souper-as-lib/third_party/llvm/Release-build/CMakeFiles/CMakeTmp

Run Build Command:"/usr/bin/ninja" "cmTC_b2669"
[1/2] Building C object CMakeFiles/cmTC_b2669.dir/CheckIncludeFile.c.o
[2/2] Linking C executable cmTC_b2669


Determining if the include file errno.h exists passed with the following output:
Change Dir: /home/liuz/work/using-souper-as-lib/third_party/llvm/Release-build/CMakeFiles/CMakeTmp

Run Build Command:"/usr/bin/ninja" "cmTC_959bf"
[1/2] Building C object CMakeFiles/cmTC_959bf.dir/CheckIncludeFile.c.o
[2/2] Linking C executable cmTC_959bf


Determining if the include file fcntl.h exists passed with the following output:
Change Dir: /home/liuz/work/using-souper-as-lib/third_party/llvm/Release-build/CMakeFiles/CMakeTmp

Run Build Command:"/usr/bin/ninja" "cmTC_550c8"
[1/2] Building C object CMakeFiles/cmTC_550c8.dir/CheckIncludeFile.c.o
[2/2] Linking C executable cmTC_550c8


Determining if the include file link.h exists passed with the following output:
Change Dir: /home/liuz/work/using-souper-as-lib/third_party/llvm/Release-build/CMakeFiles/CMakeTmp

Run Build Command:"/usr/bin/ninja" "cmTC_6c785"
[1/2] Building C object CMakeFiles/cmTC_6c785.dir/CheckIncludeFile.c.o
[2/2] Linking C executable cmTC_6c785


Determining if the include file malloc.h exists passed with the following output:
Change Dir: /home/liuz/work/using-souper-as-lib/third_party/llvm/Release-build/CMakeFiles/CMakeTmp

Run Build Command:"/usr/bin/ninja" "cmTC_26316"
[1/2] Building C object CMakeFiles/cmTC_26316.dir/CheckIncludeFile.c.o
[2/2] Linking C executable cmTC_26316


Determining if the include file pthread.h exists passed with the following output:
Change Dir: /home/liuz/work/using-souper-as-lib/third_party/llvm/Release-build/CMakeFiles/CMakeTmp

Run Build Command:"/usr/bin/ninja" "cmTC_67ec8"
[1/2] Building C object CMakeFiles/cmTC_67ec8.dir/CheckIncludeFile.c.o
[2/2] Linking C executable cmTC_67ec8


Determining if the include file signal.h exists passed with the following output:
Change Dir: /home/liuz/work/using-souper-as-lib/third_party/llvm/Release-build/CMakeFiles/CMakeTmp

Run Build Command:"/usr/bin/ninja" "cmTC_5830f"
[1/2] Building C object CMakeFiles/cmTC_5830f.dir/CheckIncludeFile.c.o
[2/2] Linking C executable cmTC_5830f


Determining if the include file sys/ioctl.h exists passed with the following output:
Change Dir: /home/liuz/work/using-souper-as-lib/third_party/llvm/Release-build/CMakeFiles/CMakeTmp

Run Build Command:"/usr/bin/ninja" "cmTC_d2904"
[1/2] Building C object CMakeFiles/cmTC_d2904.dir/CheckIncludeFile.c.o
[2/2] Linking C executable cmTC_d2904


Determining if the include file sys/mman.h exists passed with the following output:
Change Dir: /home/liuz/work/using-souper-as-lib/third_party/llvm/Release-build/CMakeFiles/CMakeTmp

Run Build Command:"/usr/bin/ninja" "cmTC_a67f8"
[1/2] Building C object CMakeFiles/cmTC_a67f8.dir/CheckIncludeFile.c.o
[2/2] Linking C executable cmTC_a67f8


Determining if the include file sys/param.h exists passed with the following output:
Change Dir: /home/liuz/work/using-souper-as-lib/third_party/llvm/Release-build/CMakeFiles/CMakeTmp

Run Build Command:"/usr/bin/ninja" "cmTC_12a7c"
[1/2] Building C object CMakeFiles/cmTC_12a7c.dir/CheckIncludeFile.c.o
[2/2] Linking C executable cmTC_12a7c


Determining if the include file sys/resource.h exists passed with the following output:
Change Dir: /home/liuz/work/using-souper-as-lib/third_party/llvm/Release-build/CMakeFiles/CMakeTmp

Run Build Command:"/usr/bin/ninja" "cmTC_48a07"
[1/2] Building C object CMakeFiles/cmTC_48a07.dir/CheckIncludeFile.c.o
[2/2] Linking C executable cmTC_48a07


Determining if the include file sys/stat.h exists passed with the following output:
Change Dir: /home/liuz/work/using-souper-as-lib/third_party/llvm/Release-build/CMakeFiles/CMakeTmp

Run Build Command:"/usr/bin/ninja" "cmTC_26ca9"
[1/2] Building C object CMakeFiles/cmTC_26ca9.dir/CheckIncludeFile.c.o
[2/2] Linking C executable cmTC_26ca9


Determining if the include file sys/time.h exists passed with the following output:
Change Dir: /home/liuz/work/using-souper-as-lib/third_party/llvm/Release-build/CMakeFiles/CMakeTmp

Run Build Command:"/usr/bin/ninja" "cmTC_a3d8b"
[1/2] Building C object CMakeFiles/cmTC_a3d8b.dir/CheckIncludeFile.c.o
[2/2] Linking C executable cmTC_a3d8b


Determining if the include file sys/types.h exists passed with the following output:
Change Dir: /home/liuz/work/using-souper-as-lib/third_party/llvm/Release-build/CMakeFiles/CMakeTmp

Run Build Command:"/usr/bin/ninja" "cmTC_963b9"
[1/2] Building C object CMakeFiles/cmTC_963b9.dir/CheckIncludeFile.c.o
[2/2] Linking C executable cmTC_963b9


Determining if the include file termios.h exists passed with the following output:
Change Dir: /home/liuz/work/using-souper-as-lib/third_party/llvm/Release-build/CMakeFiles/CMakeTmp

Run Build Command:"/usr/bin/ninja" "cmTC_59f7e"
[1/2] Building C object CMakeFiles/cmTC_59f7e.dir/CheckIncludeFile.c.o
[2/2] Linking C executable cmTC_59f7e


Determining if the include file unistd.h exists passed with the following output:
Change Dir: /home/liuz/work/using-souper-as-lib/third_party/llvm/Release-build/CMakeFiles/CMakeTmp

Run Build Command:"/usr/bin/ninja" "cmTC_e32c9"
[1/2] Building C object CMakeFiles/cmTC_e32c9.dir/CheckIncludeFile.c.o
[2/2] Linking C executable cmTC_e32c9


Determining if the include file zlib.h exists passed with the following output:
Change Dir: /home/liuz/work/using-souper-as-lib/third_party/llvm/Release-build/CMakeFiles/CMakeTmp

Run Build Command:"/usr/bin/ninja" "cmTC_2da4f"
[1/2] Building C object CMakeFiles/cmTC_2da4f.dir/CheckIncludeFile.c.o
[2/2] Linking C executable cmTC_2da4f


Determining if the include file fenv.h exists passed with the following output:
Change Dir: /home/liuz/work/using-souper-as-lib/third_party/llvm/Release-build/CMakeFiles/CMakeTmp

Run Build Command:"/usr/bin/ninja" "cmTC_7a4aa"
[1/2] Building C object CMakeFiles/cmTC_7a4aa.dir/CheckIncludeFile.c.o
[2/2] Linking C executable cmTC_7a4aa


Determining if the FE_ALL_EXCEPT exist passed with the following output:
Change Dir: /home/liuz/work/using-souper-as-lib/third_party/llvm/Release-build/CMakeFiles/CMakeTmp

Run Build Command:"/usr/bin/ninja" "cmTC_88f3f"
[1/2] Building C object CMakeFiles/cmTC_88f3f.dir/CheckSymbolExists.c.o
[2/2] Linking C executable cmTC_88f3f

File /home/liuz/work/using-souper-as-lib/third_party/llvm/Release-build/CMakeFiles/CMakeTmp/CheckSymbolExists.c:
/* */
#include <fenv.h>

int main(int argc, char** argv)
{
  (void)argv;
#ifndef FE_ALL_EXCEPT
  return ((int*)(&FE_ALL_EXCEPT))[argc];
#else
  (void)argc;
  return 0;
#endif
}

Determining if the FE_INEXACT exist passed with the following output:
Change Dir: /home/liuz/work/using-souper-as-lib/third_party/llvm/Release-build/CMakeFiles/CMakeTmp

Run Build Command:"/usr/bin/ninja" "cmTC_45b95"
[1/2] Building C object CMakeFiles/cmTC_45b95.dir/CheckSymbolExists.c.o
[2/2] Linking C executable cmTC_45b95

File /home/liuz/work/using-souper-as-lib/third_party/llvm/Release-build/CMakeFiles/CMakeTmp/CheckSymbolExists.c:
/* */
#include <fenv.h>

int main(int argc, char** argv)
{
  (void)argv;
#ifndef FE_INEXACT
  return ((int*)(&FE_INEXACT))[argc];
#else
  (void)argc;
  return 0;
#endif
}

Determining if the include file linux/magic.h exists passed with the following output:
Change Dir: /home/liuz/work/using-souper-as-lib/third_party/llvm/Release-build/CMakeFiles/CMakeTmp

Run Build Command:"/usr/bin/ninja" "cmTC_277c9"
[1/2] Building C object CMakeFiles/cmTC_277c9.dir/CheckIncludeFile.c.o
[2/2] Linking C executable cmTC_277c9


Determining if the function pthread_create exists in the pthread passed with the following output:
Change Dir: /home/liuz/work/using-souper-as-lib/third_party/llvm/Release-build/CMakeFiles/CMakeTmp

Run Build Command:"/usr/bin/ninja" "cmTC_c7860"
[1/2] Building C object CMakeFiles/cmTC_c7860.dir/CheckFunctionExists.c.o
[2/2] Linking C executable cmTC_c7860


Determining if the function pthread_getspecific exists in the pthread passed with the following output:
Change Dir: /home/liuz/work/using-souper-as-lib/third_party/llvm/Release-build/CMakeFiles/CMakeTmp

Run Build Command:"/usr/bin/ninja" "cmTC_d24f8"
[1/2] Building C object CMakeFiles/cmTC_d24f8.dir/CheckFunctionExists.c.o
[2/2] Linking C executable cmTC_d24f8


Determining if the function pthread_rwlock_init exists in the pthread passed with the following output:
Change Dir: /home/liuz/work/using-souper-as-lib/third_party/llvm/Release-build/CMakeFiles/CMakeTmp

Run Build Command:"/usr/bin/ninja" "cmTC_2070d"
[1/2] Building C object CMakeFiles/cmTC_2070d.dir/CheckFunctionExists.c.o
[2/2] Linking C executable cmTC_2070d


Determining if the function pthread_mutex_lock exists in the pthread passed with the following output:
Change Dir: /home/liuz/work/using-souper-as-lib/third_party/llvm/Release-build/CMakeFiles/CMakeTmp

Run Build Command:"/usr/bin/ninja" "cmTC_98ff8"
[1/2] Building C object CMakeFiles/cmTC_98ff8.dir/CheckFunctionExists.c.o
[2/2] Linking C executable cmTC_98ff8


Determining if the function dlopen exists in the dl passed with the following output:
Change Dir: /home/liuz/work/using-souper-as-lib/third_party/llvm/Release-build/CMakeFiles/CMakeTmp

Run Build Command:"/usr/bin/ninja" "cmTC_a58f4"
[1/2] Building C object CMakeFiles/cmTC_a58f4.dir/CheckFunctionExists.c.o
[2/2] Linking C executable cmTC_a58f4


Determining if the function clock_gettime exists in the rt passed with the following output:
Change Dir: /home/liuz/work/using-souper-as-lib/third_party/llvm/Release-build/CMakeFiles/CMakeTmp

Run Build Command:"/usr/bin/ninja" "cmTC_85f1f"
[1/2] Building C object CMakeFiles/cmTC_85f1f.dir/CheckFunctionExists.c.o
[2/2] Linking C executable cmTC_85f1f


Determining if the include file pthread.h exists passed with the following output:
Change Dir: /home/liuz/work/using-souper-as-lib/third_party/llvm/Release-build/CMakeFiles/CMakeTmp

Run Build Command:"/usr/bin/ninja" "cmTC_c38af"
[1/2] Building C object CMakeFiles/cmTC_c38af.dir/CheckIncludeFile.c.o
[2/2] Linking C executable cmTC_c38af


Determining if the function pthread_create exists in the pthread passed with the following output:
Change Dir: /home/liuz/work/using-souper-as-lib/third_party/llvm/Release-build/CMakeFiles/CMakeTmp

Run Build Command:"/usr/bin/ninja" "cmTC_cac65"
[1/2] Building C object CMakeFiles/cmTC_cac65.dir/CheckFunctionExists.c.o
[2/2] Linking C executable cmTC_cac65


Determining if the function compress2 exists in the z passed with the following output:
Change Dir: /home/liuz/work/using-souper-as-lib/third_party/llvm/Release-build/CMakeFiles/CMakeTmp

Run Build Command:"/usr/bin/ninja" "cmTC_dc425"
[1/2] Building C object CMakeFiles/cmTC_dc425.dir/CheckFunctionExists.c.o
[2/2] Linking C executable cmTC_dc425


Determining if the function setupterm exists in the tinfo passed with the following output:
Change Dir: /home/liuz/work/using-souper-as-lib/third_party/llvm/Release-build/CMakeFiles/CMakeTmp

Run Build Command:"/usr/bin/ninja" "cmTC_15e5d"
[1/2] Building C object CMakeFiles/cmTC_15e5d.dir/CheckFunctionExists.c.o
[2/2] Linking C executable cmTC_15e5d


Determining if the backtrace exist passed with the following output:
Change Dir: /home/liuz/work/using-souper-as-lib/third_party/llvm/Release-build/CMakeFiles/CMakeTmp

Run Build Command:"/usr/bin/ninja" "cmTC_6c806"
[1/2] Building C object CMakeFiles/cmTC_6c806.dir/CheckSymbolExists.c.o
[2/2] Linking C executable cmTC_6c806

File /home/liuz/work/using-souper-as-lib/third_party/llvm/Release-build/CMakeFiles/CMakeTmp/CheckSymbolExists.c:
/* */
#include <execinfo.h>

int main(int argc, char** argv)
{
  (void)argv;
#ifndef backtrace
  return ((int*)(&backtrace))[argc];
#else
  (void)argc;
  return 0;
#endif
}

Determining if the _Unwind_Backtrace exist passed with the following output:
Change Dir: /home/liuz/work/using-souper-as-lib/third_party/llvm/Release-build/CMakeFiles/CMakeTmp

Run Build Command:"/usr/bin/ninja" "cmTC_b720f"
[1/2] Building C object CMakeFiles/cmTC_b720f.dir/CheckSymbolExists.c.o
[2/2] Linking C executable cmTC_b720f

File /home/liuz/work/using-souper-as-lib/third_party/llvm/Release-build/CMakeFiles/CMakeTmp/CheckSymbolExists.c:
/* */
#include <unwind.h>

int main(int argc, char** argv)
{
  (void)argv;
#ifndef _Unwind_Backtrace
  return ((int*)(&_Unwind_Backtrace))[argc];
#else
  (void)argc;
  return 0;
#endif
}

Determining if the getpagesize exist passed with the following output:
Change Dir: /home/liuz/work/using-souper-as-lib/third_party/llvm/Release-build/CMakeFiles/CMakeTmp

Run Build Command:"/usr/bin/ninja" "cmTC_dc472"
[1/2] Building C object CMakeFiles/cmTC_dc472.dir/CheckSymbolExists.c.o
[2/2] Linking C executable cmTC_dc472

File /home/liuz/work/using-souper-as-lib/third_party/llvm/Release-build/CMakeFiles/CMakeTmp/CheckSymbolExists.c:
/* */
#include <unistd.h>

int main(int argc, char** argv)
{
  (void)argv;
#ifndef getpagesize
  return ((int*)(&getpagesize))[argc];
#else
  (void)argc;
  return 0;
#endif
}

Determining if the sysconf exist passed with the following output:
Change Dir: /home/liuz/work/using-souper-as-lib/third_party/llvm/Release-build/CMakeFiles/CMakeTmp

Run Build Command:"/usr/bin/ninja" "cmTC_bf50b"
[1/2] Building C object CMakeFiles/cmTC_bf50b.dir/CheckSymbolExists.c.o
[2/2] Linking C executable cmTC_bf50b

File /home/liuz/work/using-souper-as-lib/third_party/llvm/Release-build/CMakeFiles/CMakeTmp/CheckSymbolExists.c:
/* */
#include <unistd.h>

int main(int argc, char** argv)
{
  (void)argv;
#ifndef sysconf
  return ((int*)(&sysconf))[argc];
#else
  (void)argc;
  return 0;
#endif
}

Determining if the getrusage exist passed with the following output:
Change Dir: /home/liuz/work/using-souper-as-lib/third_party/llvm/Release-build/CMakeFiles/CMakeTmp

Run Build Command:"/usr/bin/ninja" "cmTC_502e5"
[1/2] Building C object CMakeFiles/cmTC_502e5.dir/CheckSymbolExists.c.o
[2/2] Linking C executable cmTC_502e5

File /home/liuz/work/using-souper-as-lib/third_party/llvm/Release-build/CMakeFiles/CMakeTmp/CheckSymbolExists.c:
/* */
#include <sys/resource.h>

int main(int argc, char** argv)
{
  (void)argv;
#ifndef getrusage
  return ((int*)(&getrusage))[argc];
#else
  (void)argc;
  return 0;
#endif
}

Determining if the setrlimit exist passed with the following output:
Change Dir: /home/liuz/work/using-souper-as-lib/third_party/llvm/Release-build/CMakeFiles/CMakeTmp

Run Build Command:"/usr/bin/ninja" "cmTC_ccdd0"
[1/2] Building C object CMakeFiles/cmTC_ccdd0.dir/CheckSymbolExists.c.o
[2/2] Linking C executable cmTC_ccdd0

File /home/liuz/work/using-souper-as-lib/third_party/llvm/Release-build/CMakeFiles/CMakeTmp/CheckSymbolExists.c:
/* */
#include <sys/resource.h>

int main(int argc, char** argv)
{
  (void)argv;
#ifndef setrlimit
  return ((int*)(&setrlimit))[argc];
#else
  (void)argc;
  return 0;
#endif
}

Determining if the isatty exist passed with the following output:
Change Dir: /home/liuz/work/using-souper-as-lib/third_party/llvm/Release-build/CMakeFiles/CMakeTmp

Run Build Command:"/usr/bin/ninja" "cmTC_bfd92"
[1/2] Building C object CMakeFiles/cmTC_bfd92.dir/CheckSymbolExists.c.o
[2/2] Linking C executable cmTC_bfd92

File /home/liuz/work/using-souper-as-lib/third_party/llvm/Release-build/CMakeFiles/CMakeTmp/CheckSymbolExists.c:
/* */
#include <unistd.h>

int main(int argc, char** argv)
{
  (void)argv;
#ifndef isatty
  return ((int*)(&isatty))[argc];
#else
  (void)argc;
  return 0;
#endif
}

Determining if the futimens exist passed with the following output:
Change Dir: /home/liuz/work/using-souper-as-lib/third_party/llvm/Release-build/CMakeFiles/CMakeTmp

Run Build Command:"/usr/bin/ninja" "cmTC_42478"
[1/2] Building C object CMakeFiles/cmTC_42478.dir/CheckSymbolExists.c.o
[2/2] Linking C executable cmTC_42478

File /home/liuz/work/using-souper-as-lib/third_party/llvm/Release-build/CMakeFiles/CMakeTmp/CheckSymbolExists.c:
/* */
#include <sys/stat.h>

int main(int argc, char** argv)
{
  (void)argv;
#ifndef futimens
  return ((int*)(&futimens))[argc];
#else
  (void)argc;
  return 0;
#endif
}

Determining if the futimes exist passed with the following output:
Change Dir: /home/liuz/work/using-souper-as-lib/third_party/llvm/Release-build/CMakeFiles/CMakeTmp

Run Build Command:"/usr/bin/ninja" "cmTC_e4cbc"
[1/2] Building C object CMakeFiles/cmTC_e4cbc.dir/CheckSymbolExists.c.o
[2/2] Linking C executable cmTC_e4cbc

File /home/liuz/work/using-souper-as-lib/third_party/llvm/Release-build/CMakeFiles/CMakeTmp/CheckSymbolExists.c:
/* */
#include <sys/time.h>

int main(int argc, char** argv)
{
  (void)argv;
#ifndef futimes
  return ((int*)(&futimes))[argc];
#else
  (void)argc;
  return 0;
#endif
}

Determining if the posix_fallocate exist passed with the following output:
Change Dir: /home/liuz/work/using-souper-as-lib/third_party/llvm/Release-build/CMakeFiles/CMakeTmp

Run Build Command:"/usr/bin/ninja" "cmTC_e8bb8"
[1/2] Building C object CMakeFiles/cmTC_e8bb8.dir/CheckSymbolExists.c.o
[2/2] Linking C executable cmTC_e8bb8

File /home/liuz/work/using-souper-as-lib/third_party/llvm/Release-build/CMakeFiles/CMakeTmp/CheckSymbolExists.c:
/* */
#include <fcntl.h>

int main(int argc, char** argv)
{
  (void)argv;
#ifndef posix_fallocate
  return ((int*)(&posix_fallocate))[argc];
#else
  (void)argc;
  return 0;
#endif
}

Determining if the sigaltstack exist passed with the following output:
Change Dir: /home/liuz/work/using-souper-as-lib/third_party/llvm/Release-build/CMakeFiles/CMakeTmp

Run Build Command:"/usr/bin/ninja" "cmTC_7f49a"
[1/2] Building C object CMakeFiles/cmTC_7f49a.dir/CheckSymbolExists.c.o
[2/2] Linking C executable cmTC_7f49a

File /home/liuz/work/using-souper-as-lib/third_party/llvm/Release-build/CMakeFiles/CMakeTmp/CheckSymbolExists.c:
/* */
#include <signal.h>

int main(int argc, char** argv)
{
  (void)argv;
#ifndef sigaltstack
  return ((int*)(&sigaltstack))[argc];
#else
  (void)argc;
  return 0;
#endif
}

Determining if the lseek64 exist passed with the following output:
Change Dir: /home/liuz/work/using-souper-as-lib/third_party/llvm/Release-build/CMakeFiles/CMakeTmp

Run Build Command:"/usr/bin/ninja" "cmTC_37810"
[1/2] Building C object CMakeFiles/cmTC_37810.dir/CheckSymbolExists.c.o
[2/2] Linking C executable cmTC_37810

File /home/liuz/work/using-souper-as-lib/third_party/llvm/Release-build/CMakeFiles/CMakeTmp/CheckSymbolExists.c:
/* */
#include <sys/types.h>
#include <unistd.h>

int main(int argc, char** argv)
{
  (void)argv;
#ifndef lseek64
  return ((int*)(&lseek64))[argc];
#else
  (void)argc;
  return 0;
#endif
}

Determining if the mallinfo exist passed with the following output:
Change Dir: /home/liuz/work/using-souper-as-lib/third_party/llvm/Release-build/CMakeFiles/CMakeTmp

Run Build Command:"/usr/bin/ninja" "cmTC_59bda"
[1/2] Building C object CMakeFiles/cmTC_59bda.dir/CheckSymbolExists.c.o
[2/2] Linking C executable cmTC_59bda

File /home/liuz/work/using-souper-as-lib/third_party/llvm/Release-build/CMakeFiles/CMakeTmp/CheckSymbolExists.c:
/* */
#include <malloc.h>

int main(int argc, char** argv)
{
  (void)argv;
#ifndef mallinfo
  return ((int*)(&mallinfo))[argc];
#else
  (void)argc;
  return 0;
#endif
}

Determining if the getrlimit exist passed with the following output:
Change Dir: /home/liuz/work/using-souper-as-lib/third_party/llvm/Release-build/CMakeFiles/CMakeTmp

Run Build Command:"/usr/bin/ninja" "cmTC_245f7"
[1/2] Building C object CMakeFiles/cmTC_245f7.dir/CheckSymbolExists.c.o
[2/2] Linking C executable cmTC_245f7

File /home/liuz/work/using-souper-as-lib/third_party/llvm/Release-build/CMakeFiles/CMakeTmp/CheckSymbolExists.c:
/* */
#include <sys/types.h>
#include <sys/time.h>
#include <sys/resource.h>

int main(int argc, char** argv)
{
  (void)argv;
#ifndef getrlimit
  return ((int*)(&getrlimit))[argc];
#else
  (void)argc;
  return 0;
#endif
}

Determining if the posix_spawn exist passed with the following output:
Change Dir: /home/liuz/work/using-souper-as-lib/third_party/llvm/Release-build/CMakeFiles/CMakeTmp

Run Build Command:"/usr/bin/ninja" "cmTC_3bac8"
[1/2] Building C object CMakeFiles/cmTC_3bac8.dir/CheckSymbolExists.c.o
[2/2] Linking C executable cmTC_3bac8

File /home/liuz/work/using-souper-as-lib/third_party/llvm/Release-build/CMakeFiles/CMakeTmp/CheckSymbolExists.c:
/* */
#include <spawn.h>

int main(int argc, char** argv)
{
  (void)argv;
#ifndef posix_spawn
  return ((int*)(&posix_spawn))[argc];
#else
  (void)argc;
  return 0;
#endif
}

Determining if the pread exist passed with the following output:
Change Dir: /home/liuz/work/using-souper-as-lib/third_party/llvm/Release-build/CMakeFiles/CMakeTmp

Run Build Command:"/usr/bin/ninja" "cmTC_f9c95"
[1/2] Building C object CMakeFiles/cmTC_f9c95.dir/CheckSymbolExists.c.o
[2/2] Linking C executable cmTC_f9c95

File /home/liuz/work/using-souper-as-lib/third_party/llvm/Release-build/CMakeFiles/CMakeTmp/CheckSymbolExists.c:
/* */
#include <unistd.h>

int main(int argc, char** argv)
{
  (void)argv;
#ifndef pread
  return ((int*)(&pread))[argc];
#else
  (void)argc;
  return 0;
#endif
}

Determining if the realpath exist passed with the following output:
Change Dir: /home/liuz/work/using-souper-as-lib/third_party/llvm/Release-build/CMakeFiles/CMakeTmp

Run Build Command:"/usr/bin/ninja" "cmTC_ce4e5"
[1/2] Building C object CMakeFiles/cmTC_ce4e5.dir/CheckSymbolExists.c.o
[2/2] Linking C executable cmTC_ce4e5

File /home/liuz/work/using-souper-as-lib/third_party/llvm/Release-build/CMakeFiles/CMakeTmp/CheckSymbolExists.c:
/* */
#include <stdlib.h>

int main(int argc, char** argv)
{
  (void)argv;
#ifndef realpath
  return ((int*)(&realpath))[argc];
#else
  (void)argc;
  return 0;
#endif
}

Determining if the sbrk exist passed with the following output:
Change Dir: /home/liuz/work/using-souper-as-lib/third_party/llvm/Release-build/CMakeFiles/CMakeTmp

Run Build Command:"/usr/bin/ninja" "cmTC_97434"
[1/2] Building C object CMakeFiles/cmTC_97434.dir/CheckSymbolExists.c.o
[2/2] Linking C executable cmTC_97434

File /home/liuz/work/using-souper-as-lib/third_party/llvm/Release-build/CMakeFiles/CMakeTmp/CheckSymbolExists.c:
/* */
#include <unistd.h>

int main(int argc, char** argv)
{
  (void)argv;
#ifndef sbrk
  return ((int*)(&sbrk))[argc];
#else
  (void)argc;
  return 0;
#endif
}

Determining if the strerror exist passed with the following output:
Change Dir: /home/liuz/work/using-souper-as-lib/third_party/llvm/Release-build/CMakeFiles/CMakeTmp

Run Build Command:"/usr/bin/ninja" "cmTC_a4e8d"
[1/2] Building C object CMakeFiles/cmTC_a4e8d.dir/CheckSymbolExists.c.o
[2/2] Linking C executable cmTC_a4e8d

File /home/liuz/work/using-souper-as-lib/third_party/llvm/Release-build/CMakeFiles/CMakeTmp/CheckSymbolExists.c:
/* */
#include <string.h>

int main(int argc, char** argv)
{
  (void)argv;
#ifndef strerror
  return ((int*)(&strerror))[argc];
#else
  (void)argc;
  return 0;
#endif
}

Determining if the strerror_r exist passed with the following output:
Change Dir: /home/liuz/work/using-souper-as-lib/third_party/llvm/Release-build/CMakeFiles/CMakeTmp

Run Build Command:"/usr/bin/ninja" "cmTC_adbf9"
[1/2] Building C object CMakeFiles/cmTC_adbf9.dir/CheckSymbolExists.c.o
[2/2] Linking C executable cmTC_adbf9

File /home/liuz/work/using-souper-as-lib/third_party/llvm/Release-build/CMakeFiles/CMakeTmp/CheckSymbolExists.c:
/* */
#include <string.h>

int main(int argc, char** argv)
{
  (void)argv;
#ifndef strerror_r
  return ((int*)(&strerror_r))[argc];
#else
  (void)argc;
  return 0;
#endif
}

Determining if the setenv exist passed with the following output:
Change Dir: /home/liuz/work/using-souper-as-lib/third_party/llvm/Release-build/CMakeFiles/CMakeTmp

Run Build Command:"/usr/bin/ninja" "cmTC_5dc70"
[1/2] Building C object CMakeFiles/cmTC_5dc70.dir/CheckSymbolExists.c.o
[2/2] Linking C executable cmTC_5dc70

File /home/liuz/work/using-souper-as-lib/third_party/llvm/Release-build/CMakeFiles/CMakeTmp/CheckSymbolExists.c:
/* */
#include <stdlib.h>

int main(int argc, char** argv)
{
  (void)argv;
#ifndef setenv
  return ((int*)(&setenv))[argc];
#else
  (void)argc;
  return 0;
#endif
}

Determining if the dlopen exist passed with the following output:
Change Dir: /home/liuz/work/using-souper-as-lib/third_party/llvm/Release-build/CMakeFiles/CMakeTmp

Run Build Command:"/usr/bin/ninja" "cmTC_de90e"
[1/2] Building C object CMakeFiles/cmTC_de90e.dir/CheckSymbolExists.c.o
[2/2] Linking C executable cmTC_de90e

File /home/liuz/work/using-souper-as-lib/third_party/llvm/Release-build/CMakeFiles/CMakeTmp/CheckSymbolExists.c:
/* */
#include <dlfcn.h>

int main(int argc, char** argv)
{
  (void)argv;
#ifndef dlopen
  return ((int*)(&dlopen))[argc];
#else
  (void)argc;
  return 0;
#endif
}

Performing C SOURCE FILE Test HAVE_STRUCT_STAT_ST_MTIM_TV_NSEC succeeded with the following output:
Change Dir: /home/liuz/work/using-souper-as-lib/third_party/llvm/Release-build/CMakeFiles/CMakeTmp

Run Build Command:"/usr/bin/ninja" "cmTC_0d52c"
[1/2] Building C object CMakeFiles/cmTC_0d52c.dir/src.c.o
[2/2] Linking C executable cmTC_0d52c

Source file was:

#include <sys/types.h>
#include <sys/stat.h>

int main()
{
   (void)sizeof(((struct stat *)0)->st_mtim.tv_nsec);
   return 0;
}

Determining if the __GLIBC__ exist passed with the following output:
Change Dir: /home/liuz/work/using-souper-as-lib/third_party/llvm/Release-build/CMakeFiles/CMakeTmp

Run Build Command:"/usr/bin/ninja" "cmTC_35fe2"
[1/2] Building C object CMakeFiles/cmTC_35fe2.dir/CheckSymbolExists.c.o
[2/2] Linking C executable cmTC_35fe2

File /home/liuz/work/using-souper-as-lib/third_party/llvm/Release-build/CMakeFiles/CMakeTmp/CheckSymbolExists.c:
/* */
#include <stdio.h>

int main(int argc, char** argv)
{
  (void)argv;
#ifndef __GLIBC__
  return ((int*)(&__GLIBC__))[argc];
#else
  (void)argc;
  return 0;
#endif
}

